32238 +++ exited with 0 +++
32237 --- SIGCHLD {si_signo=SIGCHLD, si_code=CLD_EXITED, si_pid=32238, si_uid=1000, si_status=0, si_utime=0, si_stime=0} ---
32239 +++ exited with 0 +++
32240 +++ exited with 0 +++
32237 --- SIGCHLD {si_signo=SIGCHLD, si_code=CLD_EXITED, si_pid=32240, si_uid=1000, si_status=0, si_utime=0, si_stime=0} ---
32244 +++ exited with 0 +++
32241 +++ exited with 0 +++
32237 --- SIGCHLD {si_signo=SIGCHLD, si_code=CLD_EXITED, si_pid=32241, si_uid=1000, si_status=0, si_utime=0, si_stime=0} ---
32251 +++ exited with 0 +++
32250 --- SIGCHLD {si_signo=SIGCHLD, si_code=CLD_EXITED, si_pid=32251, si_uid=1000, si_status=0, si_utime=2, si_stime=0} ---
32250 +++ exited with 0 +++
32259 +++ exited with 0 +++
32270 +++ exited with 0 +++
32269 +++ exited with 0 +++
32307 +++ exited with 0 +++
32265 +++ exited with 0 +++
32309 +++ exited with 0 +++
32308 +++ exited with 0 +++
32397 +++ exited with 0 +++
32318 +++ exited with 0 +++
32320 +++ exited with 0 +++
32323 +++ exited with 0 +++
32322 +++ exited with 0 +++
32317 +++ exited with 0 +++
32316 +++ exited with 0 +++
32390 +++ exited with 0 +++
32310 +++ exited with 0 +++
32388 +++ exited with 0 +++
32387 +++ exited with 0 +++
32386 +++ exited with 0 +++
32385 +++ exited with 0 +++
32384 +++ exited with 0 +++
32383 +++ exited with 0 +++
32382 +++ exited with 0 +++
32381 +++ exited with 0 +++
32380 +++ exited with 0 +++
32378 +++ exited with 0 +++
32379 +++ exited with 0 +++
32377 +++ exited with 0 +++
32376 +++ exited with 0 +++
32375 +++ exited with 0 +++
32372 +++ exited with 0 +++
32374 +++ exited with 0 +++
32373 +++ exited with 0 +++
32371 +++ exited with 0 +++
32370 +++ exited with 0 +++
32369 +++ exited with 0 +++
32368 +++ exited with 0 +++
32367 +++ exited with 0 +++
32366 +++ exited with 0 +++
32365 +++ exited with 0 +++
32364 +++ exited with 0 +++
32363 +++ exited with 0 +++
32362 +++ exited with 0 +++
32361 +++ exited with 0 +++
32360 +++ exited with 0 +++
32359 +++ exited with 0 +++
32358 +++ exited with 0 +++
32357 +++ exited with 0 +++
32356 +++ exited with 0 +++
32355 +++ exited with 0 +++
32354 +++ exited with 0 +++
32353 +++ exited with 0 +++
32352 +++ exited with 0 +++
32351 +++ exited with 0 +++
32350 +++ exited with 0 +++
32349 +++ exited with 0 +++
32348 +++ exited with 0 +++
32347 +++ exited with 0 +++
32346 +++ exited with 0 +++
32345 +++ exited with 0 +++
32344 +++ exited with 0 +++
32343 +++ exited with 0 +++
32342 +++ exited with 0 +++
32341 +++ exited with 0 +++
32339 +++ exited with 0 +++
32338 +++ exited with 0 +++
32337 +++ exited with 0 +++
32336 +++ exited with 0 +++
32335 +++ exited with 0 +++
32334 +++ exited with 0 +++
32333 +++ exited with 0 +++
32332 +++ exited with 0 +++
32331 +++ exited with 0 +++
32330 +++ exited with 0 +++
32328 +++ exited with 0 +++
32329 +++ exited with 0 +++
32327 +++ exited with 0 +++
32326 +++ exited with 0 +++
32325 +++ exited with 0 +++
32324 +++ exited with 0 +++
32321 +++ exited with 0 +++
32319 +++ exited with 0 +++
32268 +++ exited with 0 +++
32389 +++ exited with 0 +++
32301 +++ exited with 0 +++
32396 +++ exited with 0 +++
32395 --- SIGSYS {si_signo=SIGSYS, si_code=SYS_SECCOMP, si_errno=EIO, si_call_addr=0x7f79cba83247, si_syscall=__NR_access, si_arch=AUDIT_ARCH_X86_64} ---
32395 --- SIGSYS {si_signo=SIGSYS, si_code=SYS_SECCOMP, si_errno=ENOTDIR, si_call_addr=0x7f79cc8b8dae, si_syscall=__NR_openat, si_arch=AUDIT_ARCH_X86_64} ---
32395 --- SIGSYS {si_signo=SIGSYS, si_code=SYS_SECCOMP, si_errno=EIO, si_call_addr=0x7f79cba83247, si_syscall=__NR_access, si_arch=AUDIT_ARCH_X86_64} ---
32395 --- SIGSYS {si_signo=SIGSYS, si_code=SYS_SECCOMP, si_errno=ENOTDIR, si_call_addr=0x7f79cc8b8dae, si_syscall=__NR_openat, si_arch=AUDIT_ARCH_X86_64} ---
32395 --- SIGSYS {si_signo=SIGSYS, si_code=SYS_SECCOMP, si_errno=ENOTDIR, si_call_addr=0x7f79cba82d19, si_syscall=__NR_openat, si_arch=AUDIT_ARCH_X86_64} ---
32395 --- SIGSYS {si_signo=SIGSYS, si_code=SYS_SECCOMP, si_errno=ENOTDIR, si_call_addr=0x7f79cba82d19, si_syscall=__NR_openat, si_arch=AUDIT_ARCH_X86_64} ---
32434 +++ exited with 0 +++
32395 --- SIGSYS {si_signo=SIGSYS, si_code=SYS_SECCOMP, si_errno=ENOTDIR, si_call_addr=0x7f79cba82d19, si_syscall=__NR_openat, si_arch=AUDIT_ARCH_X86_64} ---
32395 --- SIGSYS {si_signo=SIGSYS, si_code=SYS_SECCOMP, si_errno=ENOTDIR, si_call_addr=0x7f79ccd04cdd, si_syscall=__NR_openat, si_arch=AUDIT_ARCH_X86_64} ---
32395 --- SIGSYS {si_signo=SIGSYS, si_code=SYS_SECCOMP, si_errno=ENOTDIR, si_call_addr=0x7f79ccd04cdd, si_syscall=__NR_openat, si_arch=AUDIT_ARCH_X86_64} ---
32433 +++ exited with 0 +++
32432 --- SIGSYS {si_signo=SIGSYS, si_code=SYS_SECCOMP, si_errno=EIO, si_call_addr=0x7f72f12d7247, si_syscall=__NR_access, si_arch=AUDIT_ARCH_X86_64} ---
32432 --- SIGSYS {si_signo=SIGSYS, si_code=SYS_SECCOMP, si_errno=ENOTDIR, si_call_addr=0x7f72f210cdae, si_syscall=__NR_openat, si_arch=AUDIT_ARCH_X86_64} ---
32432 --- SIGSYS {si_signo=SIGSYS, si_code=SYS_SECCOMP, si_errno=EIO, si_call_addr=0x7f72f12d7247, si_syscall=__NR_access, si_arch=AUDIT_ARCH_X86_64} ---
32432 --- SIGSYS {si_signo=SIGSYS, si_code=SYS_SECCOMP, si_errno=ENOTDIR, si_call_addr=0x7f72f210cdae, si_syscall=__NR_openat, si_arch=AUDIT_ARCH_X86_64} ---
32432 --- SIGSYS {si_signo=SIGSYS, si_code=SYS_SECCOMP, si_errno=ENOTDIR, si_call_addr=0x7f72f12d6d19, si_syscall=__NR_openat, si_arch=AUDIT_ARCH_X86_64} ---
32432 --- SIGSYS {si_signo=SIGSYS, si_code=SYS_SECCOMP, si_errno=ENOTDIR, si_call_addr=0x7f72f12d6d19, si_syscall=__NR_openat, si_arch=AUDIT_ARCH_X86_64} ---
32395 --- SIGSYS {si_signo=SIGSYS, si_code=SYS_SECCOMP, si_errno=ENOTDIR, si_call_addr=0x7f79cc8b8dae, si_syscall=__NR_openat, si_arch=AUDIT_ARCH_X86_64} ---
32395 --- SIGSYS {si_signo=SIGSYS, si_code=SYS_SECCOMP, si_errno=ENOTDIR, si_call_addr=0x7f79cc8b8dae, si_syscall=__NR_openat, si_arch=AUDIT_ARCH_X86_64} ---
32395 --- SIGSYS {si_signo=SIGSYS, si_code=SYS_SECCOMP, si_errno=ENOTDIR, si_call_addr=0x7f79cc8b8dae, si_syscall=__NR_openat, si_arch=AUDIT_ARCH_X86_64} ---
32395 --- SIGSYS {si_signo=SIGSYS, si_code=SYS_SECCOMP, si_errno=ENOTDIR, si_call_addr=0x7f79cc8b8dae, si_syscall=__NR_openat, si_arch=AUDIT_ARCH_X86_64} ---
32395 --- SIGSYS {si_signo=SIGSYS, si_code=SYS_SECCOMP, si_errno=ENOTDIR, si_call_addr=0x7f79cc8b8dae, si_syscall=__NR_openat, si_arch=AUDIT_ARCH_X86_64} ---
32395 --- SIGSYS {si_signo=SIGSYS, si_code=SYS_SECCOMP, si_errno=EACCES, si_call_addr=0x7f79cba84d47, si_syscall=__NR_unlink, si_arch=AUDIT_ARCH_X86_64} ---
32395 --- SIGSYS {si_signo=SIGSYS, si_code=SYS_SECCOMP, si_errno=ENOTDIR, si_call_addr=0x7f79cc8b8dae, si_syscall=__NR_openat, si_arch=AUDIT_ARCH_X86_64} ---
32395 --- SIGSYS {si_signo=SIGSYS, si_code=SYS_SECCOMP, si_errno=EACCES, si_call_addr=0x7f79cba84d47, si_syscall=__NR_unlink, si_arch=AUDIT_ARCH_X86_64} ---
32395 --- SIGSYS {si_signo=SIGSYS, si_code=SYS_SECCOMP, si_errno=ENOTDIR, si_call_addr=0x7f79cc8b8dae, si_syscall=__NR_openat, si_arch=AUDIT_ARCH_X86_64} ---
32395 --- SIGSYS {si_signo=SIGSYS, si_code=SYS_SECCOMP, si_errno=EACCES, si_call_addr=0x7f79cba84d47, si_syscall=__NR_unlink, si_arch=AUDIT_ARCH_X86_64} ---
32395 --- SIGSYS {si_signo=SIGSYS, si_code=SYS_SECCOMP, si_errno=ENOTDIR, si_call_addr=0x7f79cc8b8dae, si_syscall=__NR_openat, si_arch=AUDIT_ARCH_X86_64} ---
32395 --- SIGSYS {si_signo=SIGSYS, si_code=SYS_SECCOMP, si_errno=EACCES, si_call_addr=0x7f79cba84d47, si_syscall=__NR_unlink, si_arch=AUDIT_ARCH_X86_64} ---
32395 --- SIGSYS {si_signo=SIGSYS, si_code=SYS_SECCOMP, si_errno=ENOTDIR, si_call_addr=0x7f79cc8b8dae, si_syscall=__NR_openat, si_arch=AUDIT_ARCH_X86_64} ---
32395 --- SIGSYS {si_signo=SIGSYS, si_code=SYS_SECCOMP, si_errno=EACCES, si_call_addr=0x7f79cba84d47, si_syscall=__NR_unlink, si_arch=AUDIT_ARCH_X86_64} ---
32395 --- SIGSYS {si_signo=SIGSYS, si_code=SYS_SECCOMP, si_errno=ENOTDIR, si_call_addr=0x7f79cc8b8dae, si_syscall=__NR_openat, si_arch=AUDIT_ARCH_X86_64} ---
32395 --- SIGSYS {si_signo=SIGSYS, si_code=SYS_SECCOMP, si_errno=EACCES, si_call_addr=0x7f79cba84d47, si_syscall=__NR_unlink, si_arch=AUDIT_ARCH_X86_64} ---
32395 --- SIGSYS {si_signo=SIGSYS, si_code=SYS_SECCOMP, si_errno=ENOTDIR, si_call_addr=0x7f79cc8b8dae, si_syscall=__NR_openat, si_arch=AUDIT_ARCH_X86_64} ---
32395 --- SIGSYS {si_signo=SIGSYS, si_code=SYS_SECCOMP, si_errno=EACCES, si_call_addr=0x7f79cba84d47, si_syscall=__NR_unlink, si_arch=AUDIT_ARCH_X86_64} ---
32395 --- SIGSYS {si_signo=SIGSYS, si_code=SYS_SECCOMP, si_errno=ENOTDIR, si_call_addr=0x7f79cc8b8dae, si_syscall=__NR_openat, si_arch=AUDIT_ARCH_X86_64} ---
32395 --- SIGSYS {si_signo=SIGSYS, si_code=SYS_SECCOMP, si_errno=EACCES, si_call_addr=0x7f79cba84d47, si_syscall=__NR_unlink, si_arch=AUDIT_ARCH_X86_64} ---
32432 --- SIGSYS {si_signo=SIGSYS, si_code=SYS_SECCOMP, si_errno=ENOTDIR, si_call_addr=0x7f72f210cdae, si_syscall=__NR_openat, si_arch=AUDIT_ARCH_X86_64} ---
32432 --- SIGSYS {si_signo=SIGSYS, si_code=SYS_SECCOMP, si_errno=ENOTDIR, si_call_addr=0x7f72f12d6d19, si_syscall=__NR_openat, si_arch=AUDIT_ARCH_X86_64} ---
32395 --- SIGSYS {si_signo=SIGSYS, si_code=SYS_SECCOMP, si_errno=ENOTDIR, si_call_addr=0x7f79cc8b8dae, si_syscall=__NR_openat, si_arch=AUDIT_ARCH_X86_64} ---
32395 --- SIGSYS {si_signo=SIGSYS, si_code=SYS_SECCOMP, si_errno=EACCES, si_call_addr=0x7f79cba84d47, si_syscall=__NR_unlink, si_arch=AUDIT_ARCH_X86_64} ---
32395 --- SIGSYS {si_signo=SIGSYS, si_code=SYS_SECCOMP, si_errno=ENOTDIR, si_call_addr=0x7f79cc8b8dae, si_syscall=__NR_openat, si_arch=AUDIT_ARCH_X86_64} ---
32395 --- SIGSYS {si_signo=SIGSYS, si_code=SYS_SECCOMP, si_errno=EACCES, si_call_addr=0x7f79cba84d47, si_syscall=__NR_unlink, si_arch=AUDIT_ARCH_X86_64} ---
32395 --- SIGSYS {si_signo=SIGSYS, si_code=SYS_SECCOMP, si_errno=ENOTDIR, si_call_addr=0x7f79cc8b8dae, si_syscall=__NR_openat, si_arch=AUDIT_ARCH_X86_64} ---
32395 --- SIGSYS {si_signo=SIGSYS, si_code=SYS_SECCOMP, si_errno=EACCES, si_call_addr=0x7f79cba84d47, si_syscall=__NR_unlink, si_arch=AUDIT_ARCH_X86_64} ---
32395 --- SIGSYS {si_signo=SIGSYS, si_code=SYS_SECCOMP, si_errno=ENOTDIR, si_call_addr=0x7f79cc8b8dae, si_syscall=__NR_openat, si_arch=AUDIT_ARCH_X86_64} ---
32395 --- SIGSYS {si_signo=SIGSYS, si_code=SYS_SECCOMP, si_errno=EACCES, si_call_addr=0x7f79cba84d47, si_syscall=__NR_unlink, si_arch=AUDIT_ARCH_X86_64} ---
32395 --- SIGSYS {si_signo=SIGSYS, si_code=SYS_SECCOMP, si_errno=ENOTDIR, si_call_addr=0x7f79cc8b8dae, si_syscall=__NR_openat, si_arch=AUDIT_ARCH_X86_64} ---
32395 --- SIGSYS {si_signo=SIGSYS, si_code=SYS_SECCOMP, si_errno=EACCES, si_call_addr=0x7f79cba84d47, si_syscall=__NR_unlink, si_arch=AUDIT_ARCH_X86_64} ---
32395 --- SIGSYS {si_signo=SIGSYS, si_code=SYS_SECCOMP, si_errno=ENOTDIR, si_call_addr=0x7f79cc8b8dae, si_syscall=__NR_openat, si_arch=AUDIT_ARCH_X86_64} ---
32395 --- SIGSYS {si_signo=SIGSYS, si_code=SYS_SECCOMP, si_errno=EACCES, si_call_addr=0x7f79cba84d47, si_syscall=__NR_unlink, si_arch=AUDIT_ARCH_X86_64} ---
32432 --- SIGSYS {si_signo=SIGSYS, si_code=SYS_SECCOMP, si_errno=ENOTDIR, si_call_addr=0x7f72f12d6d19, si_syscall=__NR_openat, si_arch=AUDIT_ARCH_X86_64} ---
32395 --- SIGSYS {si_signo=SIGSYS, si_code=SYS_SECCOMP, si_errno=ENOTDIR, si_call_addr=0x7f79cc8b8dae, si_syscall=__NR_openat, si_arch=AUDIT_ARCH_X86_64} ---
32395 --- SIGSYS {si_signo=SIGSYS, si_code=SYS_SECCOMP, si_errno=EACCES, si_call_addr=0x7f79cba84d47, si_syscall=__NR_unlink, si_arch=AUDIT_ARCH_X86_64} ---
32395 --- SIGSYS {si_signo=SIGSYS, si_code=SYS_SECCOMP, si_errno=ENOTDIR, si_call_addr=0x7f79cc8b8dae, si_syscall=__NR_openat, si_arch=AUDIT_ARCH_X86_64} ---
32395 --- SIGSYS {si_signo=SIGSYS, si_code=SYS_SECCOMP, si_errno=EACCES, si_call_addr=0x7f79cba84d47, si_syscall=__NR_unlink, si_arch=AUDIT_ARCH_X86_64} ---
32395 --- SIGSYS {si_signo=SIGSYS, si_code=SYS_SECCOMP, si_errno=ENOTDIR, si_call_addr=0x7f79cc8b8dae, si_syscall=__NR_openat, si_arch=AUDIT_ARCH_X86_64} ---
32395 --- SIGSYS {si_signo=SIGSYS, si_code=SYS_SECCOMP, si_errno=EACCES, si_call_addr=0x7f79cba84d47, si_syscall=__NR_unlink, si_arch=AUDIT_ARCH_X86_64} ---
32395 --- SIGSYS {si_signo=SIGSYS, si_code=SYS_SECCOMP, si_errno=ENOTDIR, si_call_addr=0x7f79cc8b8dae, si_syscall=__NR_openat, si_arch=AUDIT_ARCH_X86_64} ---
32432 --- SIGSYS {si_signo=SIGSYS, si_code=SYS_SECCOMP, si_errno=ENOTDIR, si_call_addr=0x7f72f12d6d19, si_syscall=__NR_openat, si_arch=AUDIT_ARCH_X86_64} ---
32395 --- SIGSYS {si_signo=SIGSYS, si_code=SYS_SECCOMP, si_errno=EACCES, si_call_addr=0x7f79cba84d47, si_syscall=__NR_unlink, si_arch=AUDIT_ARCH_X86_64} ---
32395 --- SIGSYS {si_signo=SIGSYS, si_code=SYS_SECCOMP, si_errno=ENOTDIR, si_call_addr=0x7f79cc8b8dae, si_syscall=__NR_openat, si_arch=AUDIT_ARCH_X86_64} ---
32395 --- SIGSYS {si_signo=SIGSYS, si_code=SYS_SECCOMP, si_errno=EACCES, si_call_addr=0x7f79cba84d47, si_syscall=__NR_unlink, si_arch=AUDIT_ARCH_X86_64} ---
32432 --- SIGSYS {si_signo=SIGSYS, si_code=SYS_SECCOMP, si_errno=ENOTDIR, si_call_addr=0x7f72f12d6d19, si_syscall=__NR_openat, si_arch=AUDIT_ARCH_X86_64} ---
32395 --- SIGSYS {si_signo=SIGSYS, si_code=SYS_SECCOMP, si_errno=ENOTDIR, si_call_addr=0x7f79cc8b8dae, si_syscall=__NR_openat, si_arch=AUDIT_ARCH_X86_64} ---
32395 --- SIGSYS {si_signo=SIGSYS, si_code=SYS_SECCOMP, si_errno=EACCES, si_call_addr=0x7f79cba84d47, si_syscall=__NR_unlink, si_arch=AUDIT_ARCH_X86_64} ---
32432 --- SIGSYS {si_signo=SIGSYS, si_code=SYS_SECCOMP, si_errno=ENOTDIR, si_call_addr=0x7f72f2558cdd, si_syscall=__NR_openat, si_arch=AUDIT_ARCH_X86_64} ---
32432 --- SIGSYS {si_signo=SIGSYS, si_code=SYS_SECCOMP, si_errno=ENOTDIR, si_call_addr=0x7f72f2558cdd, si_syscall=__NR_openat, si_arch=AUDIT_ARCH_X86_64} ---
32304 +++ exited with 0 +++
32305 +++ exited with 0 +++
32395 --- SIGSYS {si_signo=SIGSYS, si_code=SYS_SECCOMP, si_errno=ENOTDIR, si_call_addr=0x7f79cc8b8dae, si_syscall=__NR_openat, si_arch=AUDIT_ARCH_X86_64} ---
32395 --- SIGSYS {si_signo=SIGSYS, si_code=SYS_SECCOMP, si_errno=EACCES, si_call_addr=0x7f79cba84d47, si_syscall=__NR_unlink, si_arch=AUDIT_ARCH_X86_64} ---
32395 --- SIGSYS {si_signo=SIGSYS, si_code=SYS_SECCOMP, si_errno=ENOTDIR, si_call_addr=0x7f79cc8b8dae, si_syscall=__NR_openat, si_arch=AUDIT_ARCH_X86_64} ---
32395 --- SIGSYS {si_signo=SIGSYS, si_code=SYS_SECCOMP, si_errno=EACCES, si_call_addr=0x7f79cba84d47, si_syscall=__NR_unlink, si_arch=AUDIT_ARCH_X86_64} ---
32395 --- SIGSYS {si_signo=SIGSYS, si_code=SYS_SECCOMP, si_errno=ENOTDIR, si_call_addr=0x7f79cc8b8dae, si_syscall=__NR_openat, si_arch=AUDIT_ARCH_X86_64} ---
32395 --- SIGSYS {si_signo=SIGSYS, si_code=SYS_SECCOMP, si_errno=EACCES, si_call_addr=0x7f79cba84d47, si_syscall=__NR_unlink, si_arch=AUDIT_ARCH_X86_64} ---
32395 --- SIGSYS {si_signo=SIGSYS, si_code=SYS_SECCOMP, si_errno=ENOTDIR, si_call_addr=0x7f79cc8b8dae, si_syscall=__NR_openat, si_arch=AUDIT_ARCH_X86_64} ---
32395 --- SIGSYS {si_signo=SIGSYS, si_code=SYS_SECCOMP, si_errno=EACCES, si_call_addr=0x7f79cba84d47, si_syscall=__NR_unlink, si_arch=AUDIT_ARCH_X86_64} ---
32395 --- SIGSYS {si_signo=SIGSYS, si_code=SYS_SECCOMP, si_errno=ENOTDIR, si_call_addr=0x7f79cc8b8dae, si_syscall=__NR_openat, si_arch=AUDIT_ARCH_X86_64} ---
32395 --- SIGSYS {si_signo=SIGSYS, si_code=SYS_SECCOMP, si_errno=EACCES, si_call_addr=0x7f79cba84d47, si_syscall=__NR_unlink, si_arch=AUDIT_ARCH_X86_64} ---
32395 --- SIGSYS {si_signo=SIGSYS, si_code=SYS_SECCOMP, si_errno=ENOTDIR, si_call_addr=0x7f79cc8b8dae, si_syscall=__NR_openat, si_arch=AUDIT_ARCH_X86_64} ---
32395 --- SIGSYS {si_signo=SIGSYS, si_code=SYS_SECCOMP, si_errno=EACCES, si_call_addr=0x7f79cba84d47, si_syscall=__NR_unlink, si_arch=AUDIT_ARCH_X86_64} ---
32395 --- SIGSYS {si_signo=SIGSYS, si_code=SYS_SECCOMP, si_errno=ENOTDIR, si_call_addr=0x7f79cc8b8dae, si_syscall=__NR_openat, si_arch=AUDIT_ARCH_X86_64} ---
32395 --- SIGSYS {si_signo=SIGSYS, si_code=SYS_SECCOMP, si_errno=EACCES, si_call_addr=0x7f79cba84d47, si_syscall=__NR_unlink, si_arch=AUDIT_ARCH_X86_64} ---
32395 --- SIGSYS {si_signo=SIGSYS, si_code=SYS_SECCOMP, si_errno=ENOTDIR, si_call_addr=0x7f79cc8b8dae, si_syscall=__NR_openat, si_arch=AUDIT_ARCH_X86_64} ---
32395 --- SIGSYS {si_signo=SIGSYS, si_code=SYS_SECCOMP, si_errno=EACCES, si_call_addr=0x7f79cba84d47, si_syscall=__NR_unlink, si_arch=AUDIT_ARCH_X86_64} ---
32395 --- SIGSYS {si_signo=SIGSYS, si_code=SYS_SECCOMP, si_errno=ENOTDIR, si_call_addr=0x7f79cc8b8dae, si_syscall=__NR_openat, si_arch=AUDIT_ARCH_X86_64} ---
32395 --- SIGSYS {si_signo=SIGSYS, si_code=SYS_SECCOMP, si_errno=EACCES, si_call_addr=0x7f79cba84d47, si_syscall=__NR_unlink, si_arch=AUDIT_ARCH_X86_64} ---
32395 --- SIGSYS {si_signo=SIGSYS, si_code=SYS_SECCOMP, si_errno=ENOTDIR, si_call_addr=0x7f79cc8b8dae, si_syscall=__NR_openat, si_arch=AUDIT_ARCH_X86_64} ---
32395 --- SIGSYS {si_signo=SIGSYS, si_code=SYS_SECCOMP, si_errno=EACCES, si_call_addr=0x7f79cba84d47, si_syscall=__NR_unlink, si_arch=AUDIT_ARCH_X86_64} ---
32395 --- SIGSYS {si_signo=SIGSYS, si_code=SYS_SECCOMP, si_errno=ENOTDIR, si_call_addr=0x7f79cc8b8dae, si_syscall=__NR_openat, si_arch=AUDIT_ARCH_X86_64} ---
32395 --- SIGSYS {si_signo=SIGSYS, si_code=SYS_SECCOMP, si_errno=EACCES, si_call_addr=0x7f79cba84d47, si_syscall=__NR_unlink, si_arch=AUDIT_ARCH_X86_64} ---
32395 --- SIGSYS {si_signo=SIGSYS, si_code=SYS_SECCOMP, si_errno=ENOTDIR, si_call_addr=0x7f79cc8b8dae, si_syscall=__NR_openat, si_arch=AUDIT_ARCH_X86_64} ---
32395 --- SIGSYS {si_signo=SIGSYS, si_code=SYS_SECCOMP, si_errno=EACCES, si_call_addr=0x7f79cba84d47, si_syscall=__NR_unlink, si_arch=AUDIT_ARCH_X86_64} ---
32395 --- SIGSYS {si_signo=SIGSYS, si_code=SYS_SECCOMP, si_errno=ENOTDIR, si_call_addr=0x7f79cc8b8dae, si_syscall=__NR_openat, si_arch=AUDIT_ARCH_X86_64} ---
32395 --- SIGSYS {si_signo=SIGSYS, si_code=SYS_SECCOMP, si_errno=EACCES, si_call_addr=0x7f79cba84d47, si_syscall=__NR_unlink, si_arch=AUDIT_ARCH_X86_64} ---
32395 --- SIGSYS {si_signo=SIGSYS, si_code=SYS_SECCOMP, si_errno=ENOTDIR, si_call_addr=0x7f79cc8b8dae, si_syscall=__NR_openat, si_arch=AUDIT_ARCH_X86_64} ---
32395 --- SIGSYS {si_signo=SIGSYS, si_code=SYS_SECCOMP, si_errno=EACCES, si_call_addr=0x7f79cba84d47, si_syscall=__NR_unlink, si_arch=AUDIT_ARCH_X86_64} ---
32395 --- SIGSYS {si_signo=SIGSYS, si_code=SYS_SECCOMP, si_errno=ENOTDIR, si_call_addr=0x7f79cc8b8dae, si_syscall=__NR_openat, si_arch=AUDIT_ARCH_X86_64} ---
32395 --- SIGSYS {si_signo=SIGSYS, si_code=SYS_SECCOMP, si_errno=EACCES, si_call_addr=0x7f79cba84d47, si_syscall=__NR_unlink, si_arch=AUDIT_ARCH_X86_64} ---
32395 --- SIGSYS {si_signo=SIGSYS, si_code=SYS_SECCOMP, si_errno=ENOTDIR, si_call_addr=0x7f79cc8b8dae, si_syscall=__NR_openat, si_arch=AUDIT_ARCH_X86_64} ---
32395 --- SIGSYS {si_signo=SIGSYS, si_code=SYS_SECCOMP, si_errno=EACCES, si_call_addr=0x7f79cba84d47, si_syscall=__NR_unlink, si_arch=AUDIT_ARCH_X86_64} ---
32395 --- SIGSYS {si_signo=SIGSYS, si_code=SYS_SECCOMP, si_errno=ENOTDIR, si_call_addr=0x7f79cc8b8dae, si_syscall=__NR_openat, si_arch=AUDIT_ARCH_X86_64} ---
32395 --- SIGSYS {si_signo=SIGSYS, si_code=SYS_SECCOMP, si_errno=EACCES, si_call_addr=0x7f79cba84d47, si_syscall=__NR_unlink, si_arch=AUDIT_ARCH_X86_64} ---
32395 --- SIGSYS {si_signo=SIGSYS, si_code=SYS_SECCOMP, si_errno=ENOTDIR, si_call_addr=0x7f79cc8b8dae, si_syscall=__NR_openat, si_arch=AUDIT_ARCH_X86_64} ---
32395 --- SIGSYS {si_signo=SIGSYS, si_code=SYS_SECCOMP, si_errno=EACCES, si_call_addr=0x7f79cba84d47, si_syscall=__NR_unlink, si_arch=AUDIT_ARCH_X86_64} ---
32395 --- SIGSYS {si_signo=SIGSYS, si_code=SYS_SECCOMP, si_errno=ENOTDIR, si_call_addr=0x7f79cc8b8dae, si_syscall=__NR_openat, si_arch=AUDIT_ARCH_X86_64} ---
32395 --- SIGSYS {si_signo=SIGSYS, si_code=SYS_SECCOMP, si_errno=EACCES, si_call_addr=0x7f79cba84d47, si_syscall=__NR_unlink, si_arch=AUDIT_ARCH_X86_64} ---
32395 --- SIGSYS {si_signo=SIGSYS, si_code=SYS_SECCOMP, si_errno=ENOTDIR, si_call_addr=0x7f79cc8b8dae, si_syscall=__NR_openat, si_arch=AUDIT_ARCH_X86_64} ---
32395 --- SIGSYS {si_signo=SIGSYS, si_code=SYS_SECCOMP, si_errno=EACCES, si_call_addr=0x7f79cba84d47, si_syscall=__NR_unlink, si_arch=AUDIT_ARCH_X86_64} ---
32395 --- SIGSYS {si_signo=SIGSYS, si_code=SYS_SECCOMP, si_errno=ENOTDIR, si_call_addr=0x7f79cc8b8dae, si_syscall=__NR_openat, si_arch=AUDIT_ARCH_X86_64} ---
32395 --- SIGSYS {si_signo=SIGSYS, si_code=SYS_SECCOMP, si_errno=EACCES, si_call_addr=0x7f79cba84d47, si_syscall=__NR_unlink, si_arch=AUDIT_ARCH_X86_64} ---
32395 --- SIGSYS {si_signo=SIGSYS, si_code=SYS_SECCOMP, si_errno=ENOTDIR, si_call_addr=0x7f79cc8b8dae, si_syscall=__NR_openat, si_arch=AUDIT_ARCH_X86_64} ---
32395 --- SIGSYS {si_signo=SIGSYS, si_code=SYS_SECCOMP, si_errno=EACCES, si_call_addr=0x7f79cba84d47, si_syscall=__NR_unlink, si_arch=AUDIT_ARCH_X86_64} ---
32395 --- SIGSYS {si_signo=SIGSYS, si_code=SYS_SECCOMP, si_errno=ENOTDIR, si_call_addr=0x7f79cc8b8dae, si_syscall=__NR_openat, si_arch=AUDIT_ARCH_X86_64} ---
32395 --- SIGSYS {si_signo=SIGSYS, si_code=SYS_SECCOMP, si_errno=EACCES, si_call_addr=0x7f79cba84d47, si_syscall=__NR_unlink, si_arch=AUDIT_ARCH_X86_64} ---
32395 --- SIGSYS {si_signo=SIGSYS, si_code=SYS_SECCOMP, si_errno=ENOTDIR, si_call_addr=0x7f79cc8b8dae, si_syscall=__NR_openat, si_arch=AUDIT_ARCH_X86_64} ---
32395 --- SIGSYS {si_signo=SIGSYS, si_code=SYS_SECCOMP, si_errno=EACCES, si_call_addr=0x7f79cba84d47, si_syscall=__NR_unlink, si_arch=AUDIT_ARCH_X86_64} ---
32395 --- SIGSYS {si_signo=SIGSYS, si_code=SYS_SECCOMP, si_errno=ENOTDIR, si_call_addr=0x7f79cc8b8dae, si_syscall=__NR_openat, si_arch=AUDIT_ARCH_X86_64} ---
32395 --- SIGSYS {si_signo=SIGSYS, si_code=SYS_SECCOMP, si_errno=EACCES, si_call_addr=0x7f79cba84d47, si_syscall=__NR_unlink, si_arch=AUDIT_ARCH_X86_64} ---
32395 --- SIGSYS {si_signo=SIGSYS, si_code=SYS_SECCOMP, si_errno=ENOTDIR, si_call_addr=0x7f79cc8b8dae, si_syscall=__NR_openat, si_arch=AUDIT_ARCH_X86_64} ---
32395 --- SIGSYS {si_signo=SIGSYS, si_code=SYS_SECCOMP, si_errno=EACCES, si_call_addr=0x7f79cba84d47, si_syscall=__NR_unlink, si_arch=AUDIT_ARCH_X86_64} ---
32395 --- SIGSYS {si_signo=SIGSYS, si_code=SYS_SECCOMP, si_errno=ENOTDIR, si_call_addr=0x7f79cc8b8dae, si_syscall=__NR_openat, si_arch=AUDIT_ARCH_X86_64} ---
32395 --- SIGSYS {si_signo=SIGSYS, si_code=SYS_SECCOMP, si_errno=EACCES, si_call_addr=0x7f79cba84d47, si_syscall=__NR_unlink, si_arch=AUDIT_ARCH_X86_64} ---
32395 --- SIGSYS {si_signo=SIGSYS, si_code=SYS_SECCOMP, si_errno=ENOTDIR, si_call_addr=0x7f79cc8b8dae, si_syscall=__NR_openat, si_arch=AUDIT_ARCH_X86_64} ---
32395 --- SIGSYS {si_signo=SIGSYS, si_code=SYS_SECCOMP, si_errno=EACCES, si_call_addr=0x7f79cba84d47, si_syscall=__NR_unlink, si_arch=AUDIT_ARCH_X86_64} ---
32395 --- SIGSYS {si_signo=SIGSYS, si_code=SYS_SECCOMP, si_errno=ENOTDIR, si_call_addr=0x7f79cc8b8dae, si_syscall=__NR_openat, si_arch=AUDIT_ARCH_X86_64} ---
32395 --- SIGSYS {si_signo=SIGSYS, si_code=SYS_SECCOMP, si_errno=EACCES, si_call_addr=0x7f79cba84d47, si_syscall=__NR_unlink, si_arch=AUDIT_ARCH_X86_64} ---
32395 --- SIGSYS {si_signo=SIGSYS, si_code=SYS_SECCOMP, si_errno=ENOTDIR, si_call_addr=0x7f79cc8b8dae, si_syscall=__NR_openat, si_arch=AUDIT_ARCH_X86_64} ---
32395 --- SIGSYS {si_signo=SIGSYS, si_code=SYS_SECCOMP, si_errno=EACCES, si_call_addr=0x7f79cba84d47, si_syscall=__NR_unlink, si_arch=AUDIT_ARCH_X86_64} ---
32395 --- SIGSYS {si_signo=SIGSYS, si_code=SYS_SECCOMP, si_errno=ENOTDIR, si_call_addr=0x7f79cc8b8dae, si_syscall=__NR_openat, si_arch=AUDIT_ARCH_X86_64} ---
32395 --- SIGSYS {si_signo=SIGSYS, si_code=SYS_SECCOMP, si_errno=EACCES, si_call_addr=0x7f79cba84d47, si_syscall=__NR_unlink, si_arch=AUDIT_ARCH_X86_64} ---
32395 --- SIGSYS {si_signo=SIGSYS, si_code=SYS_SECCOMP, si_errno=ENOTDIR, si_call_addr=0x7f79cc8b8dae, si_syscall=__NR_openat, si_arch=AUDIT_ARCH_X86_64} ---
32395 --- SIGSYS {si_signo=SIGSYS, si_code=SYS_SECCOMP, si_errno=EACCES, si_call_addr=0x7f79cba84d47, si_syscall=__NR_unlink, si_arch=AUDIT_ARCH_X86_64} ---
32395 --- SIGSYS {si_signo=SIGSYS, si_code=SYS_SECCOMP, si_errno=ENOTDIR, si_call_addr=0x7f79cc8b8dae, si_syscall=__NR_openat, si_arch=AUDIT_ARCH_X86_64} ---
32395 --- SIGSYS {si_signo=SIGSYS, si_code=SYS_SECCOMP, si_errno=EACCES, si_call_addr=0x7f79cba84d47, si_syscall=__NR_unlink, si_arch=AUDIT_ARCH_X86_64} ---
32395 --- SIGSYS {si_signo=SIGSYS, si_code=SYS_SECCOMP, si_errno=ENOTDIR, si_call_addr=0x7f79cba82d19, si_syscall=__NR_openat, si_arch=AUDIT_ARCH_X86_64} ---
32395 --- SIGSYS {si_signo=SIGSYS, si_code=SYS_SECCOMP, si_errno=ENOTDIR, si_call_addr=0x7f79cc8b8dae, si_syscall=__NR_openat, si_arch=AUDIT_ARCH_X86_64} ---
32395 --- SIGSYS {si_signo=SIGSYS, si_code=SYS_SECCOMP, si_errno=EACCES, si_call_addr=0x7f79cba84d47, si_syscall=__NR_unlink, si_arch=AUDIT_ARCH_X86_64} ---
32395 --- SIGSYS {si_signo=SIGSYS, si_code=SYS_SECCOMP, si_errno=ENOTDIR, si_call_addr=0x7f79cc8b8dae, si_syscall=__NR_openat, si_arch=AUDIT_ARCH_X86_64} ---
32395 --- SIGSYS {si_signo=SIGSYS, si_code=SYS_SECCOMP, si_errno=EACCES, si_call_addr=0x7f79cba84d47, si_syscall=__NR_unlink, si_arch=AUDIT_ARCH_X86_64} ---
32395 --- SIGSYS {si_signo=SIGSYS, si_code=SYS_SECCOMP, si_errno=ENOTDIR, si_call_addr=0x7f79cc8b8dae, si_syscall=__NR_openat, si_arch=AUDIT_ARCH_X86_64} ---
32395 --- SIGSYS {si_signo=SIGSYS, si_code=SYS_SECCOMP, si_errno=EACCES, si_call_addr=0x7f79cba84d47, si_syscall=__NR_unlink, si_arch=AUDIT_ARCH_X86_64} ---
32395 --- SIGSYS {si_signo=SIGSYS, si_code=SYS_SECCOMP, si_errno=ENOTDIR, si_call_addr=0x7f79cc8b8dae, si_syscall=__NR_openat, si_arch=AUDIT_ARCH_X86_64} ---
32395 --- SIGSYS {si_signo=SIGSYS, si_code=SYS_SECCOMP, si_errno=EACCES, si_call_addr=0x7f79cba84d47, si_syscall=__NR_unlink, si_arch=AUDIT_ARCH_X86_64} ---
32395 --- SIGSYS {si_signo=SIGSYS, si_code=SYS_SECCOMP, si_errno=ENOTDIR, si_call_addr=0x7f79cc8b8dae, si_syscall=__NR_openat, si_arch=AUDIT_ARCH_X86_64} ---
32395 --- SIGSYS {si_signo=SIGSYS, si_code=SYS_SECCOMP, si_errno=EACCES, si_call_addr=0x7f79cba84d47, si_syscall=__NR_unlink, si_arch=AUDIT_ARCH_X86_64} ---
32395 --- SIGSYS {si_signo=SIGSYS, si_code=SYS_SECCOMP, si_errno=ENOTDIR, si_call_addr=0x7f79cc8b8dae, si_syscall=__NR_openat, si_arch=AUDIT_ARCH_X86_64} ---
32395 --- SIGSYS {si_signo=SIGSYS, si_code=SYS_SECCOMP, si_errno=EACCES, si_call_addr=0x7f79cba84d47, si_syscall=__NR_unlink, si_arch=AUDIT_ARCH_X86_64} ---
32395 --- SIGSYS {si_signo=SIGSYS, si_code=SYS_SECCOMP, si_errno=ENOTDIR, si_call_addr=0x7f79cc8b8dae, si_syscall=__NR_openat, si_arch=AUDIT_ARCH_X86_64} ---
32395 --- SIGSYS {si_signo=SIGSYS, si_code=SYS_SECCOMP, si_errno=EACCES, si_call_addr=0x7f79cba84d47, si_syscall=__NR_unlink, si_arch=AUDIT_ARCH_X86_64} ---
32571 +++ exited with 0 +++
32395 --- SIGSYS {si_signo=SIGSYS, si_code=SYS_SECCOMP, si_errno=ENOTDIR, si_call_addr=0x7f79cc8b8dae, si_syscall=__NR_openat, si_arch=AUDIT_ARCH_X86_64} ---
32395 --- SIGSYS {si_signo=SIGSYS, si_code=SYS_SECCOMP, si_errno=EACCES, si_call_addr=0x7f79cba84d47, si_syscall=__NR_unlink, si_arch=AUDIT_ARCH_X86_64} ---
32570 +++ exited with 0 +++
32395 --- SIGSYS {si_signo=SIGSYS, si_code=SYS_SECCOMP, si_errno=ENOTDIR, si_call_addr=0x7f79cc8b8dae, si_syscall=__NR_openat, si_arch=AUDIT_ARCH_X86_64} ---
32395 --- SIGSYS {si_signo=SIGSYS, si_code=SYS_SECCOMP, si_errno=EACCES, si_call_addr=0x7f79cba84d47, si_syscall=__NR_unlink, si_arch=AUDIT_ARCH_X86_64} ---
32395 --- SIGSYS {si_signo=SIGSYS, si_code=SYS_SECCOMP, si_errno=ENOTDIR, si_call_addr=0x7f79cc8b8dae, si_syscall=__NR_openat, si_arch=AUDIT_ARCH_X86_64} ---
32395 --- SIGSYS {si_signo=SIGSYS, si_code=SYS_SECCOMP, si_errno=EACCES, si_call_addr=0x7f79cba84d47, si_syscall=__NR_unlink, si_arch=AUDIT_ARCH_X86_64} ---
32395 --- SIGSYS {si_signo=SIGSYS, si_code=SYS_SECCOMP, si_errno=ENOTDIR, si_call_addr=0x7f79cc8b8dae, si_syscall=__NR_openat, si_arch=AUDIT_ARCH_X86_64} ---
32395 --- SIGSYS {si_signo=SIGSYS, si_code=SYS_SECCOMP, si_errno=EACCES, si_call_addr=0x7f79cba84d47, si_syscall=__NR_unlink, si_arch=AUDIT_ARCH_X86_64} ---
32395 --- SIGSYS {si_signo=SIGSYS, si_code=SYS_SECCOMP, si_errno=ENOTDIR, si_call_addr=0x7f79cc8b8dae, si_syscall=__NR_openat, si_arch=AUDIT_ARCH_X86_64} ---
32395 --- SIGSYS {si_signo=SIGSYS, si_code=SYS_SECCOMP, si_errno=EACCES, si_call_addr=0x7f79cba84d47, si_syscall=__NR_unlink, si_arch=AUDIT_ARCH_X86_64} ---
32432 --- SIGINT {si_signo=SIGINT, si_code=SI_KERNEL} ---
32237 --- SIGINT {si_signo=SIGINT, si_code=SI_KERNEL} ---
32569 --- SIGINT {si_signo=SIGINT, si_code=SI_KERNEL} ---
32395 --- SIGINT {si_signo=SIGINT, si_code=SI_KERNEL} ---
32237 --- SIGINT {si_signo=SIGINT, si_code=SI_TKILL, si_pid=32237, si_uid=1000} ---
32616 +++ killed by SIGINT +++
32572 +++ killed by SIGINT +++
32567 +++ killed by SIGINT +++
32568 +++ killed by SIGINT +++
32565 +++ killed by SIGINT +++
32564 +++ killed by SIGINT +++
32566 +++ killed by SIGINT +++
32561 +++ killed by SIGINT +++
32553 +++ killed by SIGINT +++
32551 +++ killed by SIGINT +++
32550 +++ killed by SIGINT +++
32549 +++ killed by SIGINT +++
32548 +++ killed by SIGINT +++
32543 +++ killed by SIGINT +++
32516 +++ killed by SIGINT +++
32461 +++ killed by SIGINT +++
32451 +++ killed by SIGINT +++
32466 +++ killed by SIGINT +++
32462 +++ killed by SIGINT +++
32439 +++ killed by SIGINT +++
32438 +++ killed by SIGINT +++
32435 +++ killed by SIGINT +++
32437 +++ killed by SIGINT +++
32431 +++ killed by SIGINT +++
32430 +++ killed by SIGINT +++
32429 +++ killed by SIGINT +++
32427 +++ killed by SIGINT +++
32428 +++ killed by SIGINT +++
32426 +++ killed by SIGINT +++
32425 +++ killed by SIGINT +++
32414 +++ killed by SIGINT +++
32399 +++ killed by SIGINT +++
32413 +++ killed by SIGINT +++
32403 +++ killed by SIGINT +++
32398 +++ killed by SIGINT +++
32391 +++ killed by SIGINT +++
32393 +++ killed by SIGINT +++
32392 +++ killed by SIGINT +++
32340 +++ killed by SIGINT +++
32315 +++ killed by SIGINT +++
32314 +++ killed by SIGINT +++
32313 +++ killed by SIGINT +++
32312 +++ killed by SIGINT +++
32311 +++ killed by SIGINT +++
32306 +++ killed by SIGINT +++
32298 +++ killed by SIGINT +++
32302 +++ killed by SIGINT +++
32300 +++ killed by SIGINT +++
32299 +++ killed by SIGINT +++
32297 +++ killed by SIGINT +++
32296 +++ killed by SIGINT +++
32295 +++ killed by SIGINT +++
32272 +++ killed by SIGINT +++
32271 +++ killed by SIGINT +++
32267 +++ killed by SIGINT +++
32266 +++ killed by SIGINT +++
32263 +++ killed by SIGINT +++
32261 +++ killed by SIGINT +++
32262 +++ killed by SIGINT +++
32260 +++ killed by SIGINT +++
32258 +++ killed by SIGINT +++
32257 +++ killed by SIGINT +++
32256 +++ killed by SIGINT +++
32255 +++ killed by SIGINT +++
32252 +++ killed by SIGINT +++
32254 +++ killed by SIGINT +++
32253 +++ killed by SIGINT +++
32249 +++ killed by SIGINT +++
32247 +++ killed by SIGINT +++
32248 +++ killed by SIGINT +++
32246 +++ killed by SIGINT +++
32245 +++ killed by SIGINT +++
32243 +++ killed by SIGINT +++
32242 +++ killed by SIGINT +++
32264 +++ killed by SIGINT +++
32237 +++ killed by SIGINT +++
32591 +++ exited with 0 +++
32593 +++ exited with 0 +++
32590 +++ exited with 0 +++
32592 +++ exited with 0 +++
32588 +++ exited with 0 +++
32589 +++ exited with 0 +++
32587 +++ exited with 0 +++
32586 +++ exited with 0 +++
32585 +++ exited with 0 +++
32584 +++ exited with 0 +++
32583 +++ exited with 0 +++
32582 +++ exited with 0 +++
32581 +++ exited with 0 +++
32580 +++ exited with 0 +++
32579 +++ exited with 0 +++
32578 +++ exited with 0 +++
32577 +++ exited with 0 +++
32576 +++ exited with 0 +++
32573 +++ exited with 0 +++
32575 +++ exited with 0 +++
32574 +++ exited with 0 +++
32559 +++ exited with 0 +++
32555 +++ exited with 0 +++
32554 +++ exited with 0 +++
32557 +++ exited with 0 +++
32552 +++ exited with 0 +++
32547 +++ exited with 0 +++
32546 +++ exited with 0 +++
32545 +++ exited with 0 +++
32544 +++ exited with 0 +++
32465 +++ exited with 0 +++
32542 +++ exited with 0 +++
32541 +++ exited with 0 +++
32464 +++ exited with 0 +++
32460 +++ exited with 0 +++
32459 +++ exited with 0 +++
32456 +++ exited with 0 +++
32455 +++ exited with 0 +++
32454 +++ exited with 0 +++
32452 +++ exited with 0 +++
32444 +++ exited with 0 +++
32442 +++ exited with 0 +++
32436 +++ exited with 0 +++
32558 +++ exited with 0 +++
32458 +++ exited with 0 +++
32556 +++ exited with 0 +++
32453 +++ exited with 0 +++
32562 +++ exited with 0 +++
32560 +++ exited with 0 +++
32450 +++ exited with 0 +++
32449 +++ exited with 0 +++
32448 +++ exited with 0 +++
32447 +++ exited with 0 +++
32446 +++ exited with 0 +++
32445 +++ exited with 0 +++
32443 +++ exited with 0 +++
32440 +++ exited with 0 +++
32441 +++ exited with 0 +++
32423 +++ exited with 0 +++
32421 +++ exited with 0 +++
32419 +++ exited with 0 +++
32418 +++ exited with 0 +++
32417 +++ exited with 0 +++
32416 +++ exited with 0 +++
32415 +++ exited with 0 +++
32412 +++ exited with 0 +++
32411 +++ exited with 0 +++
32410 +++ exited with 0 +++
32408 +++ exited with 0 +++
32409 +++ exited with 0 +++
32407 +++ exited with 0 +++
32406 +++ exited with 0 +++
32405 +++ exited with 0 +++
32404 +++ exited with 0 +++
32402 +++ exited with 0 +++
32401 +++ exited with 0 +++
32400 +++ exited with 0 +++
32422 +++ exited with 0 +++
32457 +++ exited with 0 +++
32563 +++ exited with 0 +++
32569 +++ exited with 0 +++
32463 +++ exited with 0 +++
32432 +++ exited with 0 +++
32424 +++ exited with 0 +++
32395 +++ exited with 0 +++
